<?xml version="1.0" encoding="UTF-8"?>
<!-- Generated by org.testng.reporters.JUnitXMLReporter -->
<testsuite ignored="0" hostname="UBUNTU-FH1HR73" failures="1" tests="3" name="Surefire test" time="39.508" errors="0" timestamp="2023-07-11T16:47:44 CEST">
  <testcase classname="io.cucumber.testng.AbstractTestNGCucumberTests" name="runScenario" time="12.891"/>
  <testcase classname="io.cucumber.testng.AbstractTestNGCucumberTests" name="runScenario" time="13.277"/>
  <testcase classname="io.cucumber.testng.AbstractTestNGCucumberTests" name="runScenario" time="11.823">
    <failure type="java.lang.AssertionError" message="News from The Guardian is Valid  expected [false] but found [true]">
      <![CDATA[java.lang.AssertionError: News from The Guardian is Valid  expected [false] but found [true]
at stepDefinitions.GuardianNewsTestStepDef.the_news_article_from_guardian_news_page_should_be_considered_invalid_if_the_number_of_similar_articles_on_other_sources_is_less_than(GuardianNewsTestStepDef.java:90)
at ✽.The news article from Guardian news page should be considered Invalid if the number of similar articles on other sources is less than 2(file:///home/ssingla/eclipse-workspace/GuardianNewsAssignment/src/test/resources/features/GuardianNewsTest.feature:26)
... Removed 3 stack frames]]>
    </failure>
  </testcase> <!-- runScenario -->
</testsuite> <!-- Surefire test -->
