-------------------------------------------------------------------------------
Test set: runner.TestRunner
-------------------------------------------------------------------------------
Tests run: 3, Failures: 1, Errors: 0, Skipped: 0, Time elapsed: 39.883 s <<< FAILURE! - in runner.TestRunner
runScenario(runner.TestRunner)  Time elapsed: 11.829 s  <<< FAILURE!
java.lang.AssertionError: News from The Guardian is Valid  expected [false] but found [true]

