<?xml version="1.0" encoding="UTF-8"?>
<testsuite xmlns:xsi="http://www.w3.org/2001/XMLSchema-instance" xsi:noNamespaceSchemaLocation="https://maven.apache.org/surefire/maven-surefire-plugin/xsd/surefire-test-report.xsd" name="runner.TestRunner" time="39.883" tests="3" errors="0" skipped="0" failures="1">
  <properties>
[...]
</properties>
  <testcase name="runScenario" classname="runner.TestRunner" time="12.892"/>
  <testcase name="runScenario" classname="runner.TestRunner" time="13.277"/>
  <testcase name="runScenario" classname="runner.TestRunner" time="11.829">
    <failure message="News from The Guardian is Valid  expected [false] but found [true]" type="java.lang.AssertionError">java.lang.AssertionError: News from The Guardian is Valid  expected [false] but found [true]
</failure>
    <system-out><![CDATA[
@tc-01 @negative @regression @p2
Scenario: Invalidate the authenticity of The Guardians first news article by cross-referencing with other sources.                             # src/test/resources/features/GuardianNewsTest.feature:21
16:47:34.435 [main] INFO  testBase.TestBase - Opening browser in frontend....
16:47:35.627 [main] INFO  stepDefinitions.GuardianNewsTestStepDef - Opening Guardian URL in browser
  Given User launch The Guardian URL and navigate to news page "/tone/news"                                                                    # stepDefinitions.GuardianNewsTestStepDef.user_launch_the_guardian_url_and_navigate_to_news_page(java.lang.String)
16:47:35.674 [main] INFO  stepDefinitions.GuardianNewsTestStepDef - First article headline from The Guardian New - Live
Wimbledon quarter-finals: Vondrousova stuns Pegula, Swiatek v Svitolina – live
  And User reterive the first news article details from the Guardian news page                                                                 # stepDefinitions.GuardianNewsTestStepDef.user_reterive_the_first_news_article_details_from_the_guardian_news_page()
16:47:36.367 [main] INFO  stepDefinitions.GuardianNewsTestStepDef - Opening Google News in browser
16:47:41.659 [main] INFO  stepDefinitions.GuardianNewsTestStepDef - Count of similar news article found on google-- 2
  When User perform search the same news article on Google and obtains the number of similar articles on Google                                # stepDefinitions.GuardianNewsTestStepDef.user_perform_search_the_same_news_article_on_google_and_obtains_the_number_of_similar_articles_on_google()
16:47:42.320 [main] INFO  stepDefinitions.GuardianNewsTestStepDef - Opening BBC News URL in browser
16:47:43.999 [main] INFO  stepDefinitions.GuardianNewsTestStepDef - Count of similar news article found on BBC-- 0
  And User perform search the same news article on BBC and obtains the number of similar articles on BBC                                       # stepDefinitions.GuardianNewsTestStepDef.user_perform_search_the_same_news_article_on_bbc_and_obtains_the_number_of_similar_articles_on_bbc()
16:47:44.000 [main] INFO  stepDefinitions.GuardianNewsTestStepDef - Verifying if The Guardian news is Invalid
  Then The news article from Guardian news page should be considered Invalid if the number of similar articles on other sources is less than 2 # stepDefinitions.GuardianNewsTestStepDef.the_news_article_from_guardian_news_page_should_be_considered_invalid_if_the_number_of_similar_articles_on_other_sources_is_less_than(java.lang.Integer)
      java.lang.AssertionError: News from The Guardian is Valid  expected [false] but found [true]
	at org.testng.Assert.fail(Assert.java:110)
	at org.testng.Assert.failNotEquals(Assert.java:1413)
	at org.testng.Assert.assertFalse(Assert.java:78)
	at stepDefinitions.GuardianNewsTestStepDef.the_news_article_from_guardian_news_page_should_be_considered_invalid_if_the_number_of_similar_articles_on_other_sources_is_less_than(GuardianNewsTestStepDef.java:90)
	at ✽.The news article from Guardian news page should be considered Invalid if the number of similar articles on other sources is less than 2(file:///home/ssingla/eclipse-workspace/GuardianNewsAssignment/src/test/resources/features/GuardianNewsTest.feature:26)

16:47:44.107 [main] INFO  testBase.TestBase - Closing browser....
]]></system-out>
    <system-err><![CDATA[Starting ChromeDriver 114.0.5735.90 (386bc09e8f4f2e025eddae123f36f6263096ae49-refs/branch-heads/5735@{#1052}) on port 9908
Only local connections are allowed.
Please see https://chromedriver.chromium.org/security-considerations for suggestions on keeping ChromeDriver safe.
ChromeDriver was started successfully.
Jul 11, 2023 4:47:34 PM org.openqa.selenium.devtools.CdpVersionFinder findNearestMatch
WARNING: Unable to find an exact match for CDP version 114, so returning the closest version found: 111
]]></system-err>
  </testcase>
</testsuite>