<?xml version="1.0" encoding="UTF-8"?>
<!-- Generated by org.testng.reporters.JUnitReportReporter -->
<testsuite hostname="UBUNTU-FH1HR73" failures="1" tests="3" name="runner.TestRunner" time="37.991" errors="0" timestamp="2023-07-11T16:47:45 CEST" skipped="0">
  <testcase classname="runner.TestRunner" name="runScenario" time="11.823">
    <failure message="News from The Guardian is Valid  expected [false] but found [true]" type="java.lang.AssertionError">
      <![CDATA[java.lang.AssertionError: News from The Guardian is Valid  expected [false] but found [true]
at org.testng.Assert.fail(Assert.java:110)
at org.testng.Assert.failNotEquals(Assert.java:1413)
at org.testng.Assert.assertFalse(Assert.java:78)
at stepDefinitions.GuardianNewsTestStepDef.the_news_article_from_guardian_news_page_should_be_considered_invalid_if_the_number_of_similar_articles_on_other_sources_is_less_than(GuardianNewsTestStepDef.java:90)
at ✽.The news article from Guardian news page should be considered Invalid if the number of similar articles on other sources is less than 2(file:///home/ssingla/eclipse-workspace/GuardianNewsAssignment/src/test/resources/features/GuardianNewsTest.feature:26)
]]>
    </failure>
  </testcase> <!-- runScenario -->
  <system-out/>
  <testcase classname="runner.TestRunner" name="runScenario" time="12.891"/>
  <system-out/>
  <testcase classname="runner.TestRunner" name="runScenario" time="13.277"/>
  <system-out/>
</testsuite> <!-- runner.TestRunner -->
